2023-05-22 09:56:39,294 INFO 26581 [egg-schedule]: register schedule /Users/lovewcc/Documents/Study/全栈-前后端导航项目/vue-webstack-server/node_modules/egg-multipart/app/schedule/clean_tmpdir.js
2023-05-22 09:56:39,294 INFO 26581 [egg-schedule]: register schedule /Users/lovewcc/Documents/Study/全栈-前后端导航项目/vue-webstack-server/node_modules/egg-logrotator/app/schedule/clean_log.js
2023-05-22 09:56:39,294 INFO 26581 [egg-schedule]: register schedule /Users/lovewcc/Documents/Study/全栈-前后端导航项目/vue-webstack-server/node_modules/egg-logrotator/app/schedule/rotate_by_file.js
2023-05-22 09:56:40,096 INFO 26577 [Timer] /Users/lovewcc/Documents/Study/全栈-前后端导航项目/vue-webstack-server/node_modules/egg-multipart/app/schedule/clean_tmpdir.js next time will execute after 66799906ms at 2023-05-23 04:30:00.002
2023-05-22 09:56:40,096 INFO 26577 [Timer] /Users/lovewcc/Documents/Study/全栈-前后端导航项目/vue-webstack-server/node_modules/egg-logrotator/app/schedule/clean_log.js next time will execute after 50599904ms at 2023-05-23 00:00:00.000
2023-05-22 09:56:40,096 INFO 26577 [Timer] /Users/lovewcc/Documents/Study/全栈-前后端导航项目/vue-webstack-server/node_modules/egg-logrotator/app/schedule/rotate_by_file.js next time will execute after 50600904ms at 2023-05-23 00:00:01.000
2023-05-22 09:59:32,069 INFO 27115 [egg-schedule]: register schedule /Users/lovewcc/Documents/Study/全栈-前后端导航项目/vue-webstack-server/node_modules/egg-multipart/app/schedule/clean_tmpdir.js
2023-05-22 09:59:32,069 INFO 27115 [egg-schedule]: register schedule /Users/lovewcc/Documents/Study/全栈-前后端导航项目/vue-webstack-server/node_modules/egg-logrotator/app/schedule/clean_log.js
2023-05-22 09:59:32,069 INFO 27115 [egg-schedule]: register schedule /Users/lovewcc/Documents/Study/全栈-前后端导航项目/vue-webstack-server/node_modules/egg-logrotator/app/schedule/rotate_by_file.js
2023-05-22 10:02:23,834 INFO 27448 [egg-schedule]: register schedule /Users/lovewcc/Documents/Study/全栈-前后端导航项目/vue-webstack-server/node_modules/egg-multipart/app/schedule/clean_tmpdir.js
2023-05-22 10:02:23,834 INFO 27448 [egg-schedule]: register schedule /Users/lovewcc/Documents/Study/全栈-前后端导航项目/vue-webstack-server/node_modules/egg-logrotator/app/schedule/clean_log.js
2023-05-22 10:02:23,834 INFO 27448 [egg-schedule]: register schedule /Users/lovewcc/Documents/Study/全栈-前后端导航项目/vue-webstack-server/node_modules/egg-logrotator/app/schedule/rotate_by_file.js
2023-05-22 10:03:51,794 INFO 27650 [egg-schedule]: register schedule /Users/lovewcc/Documents/Study/全栈-前后端导航项目/vue-webstack-server/node_modules/egg-multipart/app/schedule/clean_tmpdir.js
2023-05-22 10:03:51,794 INFO 27650 [egg-schedule]: register schedule /Users/lovewcc/Documents/Study/全栈-前后端导航项目/vue-webstack-server/node_modules/egg-logrotator/app/schedule/clean_log.js
2023-05-22 10:03:51,794 INFO 27650 [egg-schedule]: register schedule /Users/lovewcc/Documents/Study/全栈-前后端导航项目/vue-webstack-server/node_modules/egg-logrotator/app/schedule/rotate_by_file.js
2023-05-22 10:03:55,374 INFO 27682 [egg-schedule]: register schedule /Users/lovewcc/Documents/Study/全栈-前后端导航项目/vue-webstack-server/node_modules/egg-multipart/app/schedule/clean_tmpdir.js
2023-05-22 10:03:55,374 INFO 27682 [egg-schedule]: register schedule /Users/lovewcc/Documents/Study/全栈-前后端导航项目/vue-webstack-server/node_modules/egg-logrotator/app/schedule/clean_log.js
2023-05-22 10:03:55,374 INFO 27682 [egg-schedule]: register schedule /Users/lovewcc/Documents/Study/全栈-前后端导航项目/vue-webstack-server/node_modules/egg-logrotator/app/schedule/rotate_by_file.js
2023-05-22 10:03:57,392 INFO 27707 [egg-schedule]: register schedule /Users/lovewcc/Documents/Study/全栈-前后端导航项目/vue-webstack-server/node_modules/egg-multipart/app/schedule/clean_tmpdir.js
2023-05-22 10:03:57,392 INFO 27707 [egg-schedule]: register schedule /Users/lovewcc/Documents/Study/全栈-前后端导航项目/vue-webstack-server/node_modules/egg-logrotator/app/schedule/clean_log.js
2023-05-22 10:03:57,392 INFO 27707 [egg-schedule]: register schedule /Users/lovewcc/Documents/Study/全栈-前后端导航项目/vue-webstack-server/node_modules/egg-logrotator/app/schedule/rotate_by_file.js
2023-05-22 10:04:13,874 INFO 27792 [egg-schedule]: register schedule /Users/lovewcc/Documents/Study/全栈-前后端导航项目/vue-webstack-server/node_modules/egg-multipart/app/schedule/clean_tmpdir.js
2023-05-22 10:04:13,874 INFO 27792 [egg-schedule]: register schedule /Users/lovewcc/Documents/Study/全栈-前后端导航项目/vue-webstack-server/node_modules/egg-logrotator/app/schedule/clean_log.js
2023-05-22 10:04:13,874 INFO 27792 [egg-schedule]: register schedule /Users/lovewcc/Documents/Study/全栈-前后端导航项目/vue-webstack-server/node_modules/egg-logrotator/app/schedule/rotate_by_file.js
2023-05-22 10:04:25,992 INFO 27827 [egg-schedule]: register schedule /Users/lovewcc/Documents/Study/全栈-前后端导航项目/vue-webstack-server/node_modules/egg-multipart/app/schedule/clean_tmpdir.js
2023-05-22 10:04:25,992 INFO 27827 [egg-schedule]: register schedule /Users/lovewcc/Documents/Study/全栈-前后端导航项目/vue-webstack-server/node_modules/egg-logrotator/app/schedule/clean_log.js
2023-05-22 10:04:25,992 INFO 27827 [egg-schedule]: register schedule /Users/lovewcc/Documents/Study/全栈-前后端导航项目/vue-webstack-server/node_modules/egg-logrotator/app/schedule/rotate_by_file.js
2023-05-22 10:05:00,304 INFO 27872 [egg-schedule]: register schedule /Users/lovewcc/Documents/Study/全栈-前后端导航项目/vue-webstack-server/node_modules/egg-multipart/app/schedule/clean_tmpdir.js
2023-05-22 10:05:00,304 INFO 27872 [egg-schedule]: register schedule /Users/lovewcc/Documents/Study/全栈-前后端导航项目/vue-webstack-server/node_modules/egg-logrotator/app/schedule/clean_log.js
2023-05-22 10:05:00,304 INFO 27872 [egg-schedule]: register schedule /Users/lovewcc/Documents/Study/全栈-前后端导航项目/vue-webstack-server/node_modules/egg-logrotator/app/schedule/rotate_by_file.js
2023-05-22 10:05:51,328 INFO 27922 [egg-schedule]: register schedule /Users/lovewcc/Documents/Study/全栈-前后端导航项目/vue-webstack-server/node_modules/egg-multipart/app/schedule/clean_tmpdir.js
2023-05-22 10:05:51,328 INFO 27922 [egg-schedule]: register schedule /Users/lovewcc/Documents/Study/全栈-前后端导航项目/vue-webstack-server/node_modules/egg-logrotator/app/schedule/clean_log.js
2023-05-22 10:05:51,328 INFO 27922 [egg-schedule]: register schedule /Users/lovewcc/Documents/Study/全栈-前后端导航项目/vue-webstack-server/node_modules/egg-logrotator/app/schedule/rotate_by_file.js
2023-05-22 10:07:36,259 INFO 28033 [egg-schedule]: register schedule /Users/lovewcc/Documents/Study/全栈-前后端导航项目/vue-webstack-server/node_modules/egg-multipart/app/schedule/clean_tmpdir.js
2023-05-22 10:07:36,259 INFO 28033 [egg-schedule]: register schedule /Users/lovewcc/Documents/Study/全栈-前后端导航项目/vue-webstack-server/node_modules/egg-logrotator/app/schedule/clean_log.js
2023-05-22 10:07:36,259 INFO 28033 [egg-schedule]: register schedule /Users/lovewcc/Documents/Study/全栈-前后端导航项目/vue-webstack-server/node_modules/egg-logrotator/app/schedule/rotate_by_file.js
2023-05-22 10:07:37,593 INFO 28028 [Timer] /Users/lovewcc/Documents/Study/全栈-前后端导航项目/vue-webstack-server/node_modules/egg-multipart/app/schedule/clean_tmpdir.js next time will execute after 66142409ms at 2023-05-23 04:30:00.002
2023-05-22 10:07:37,593 INFO 28028 [Timer] /Users/lovewcc/Documents/Study/全栈-前后端导航项目/vue-webstack-server/node_modules/egg-logrotator/app/schedule/clean_log.js next time will execute after 49942407ms at 2023-05-23 00:00:00.000
2023-05-22 10:07:37,593 INFO 28028 [Timer] /Users/lovewcc/Documents/Study/全栈-前后端导航项目/vue-webstack-server/node_modules/egg-logrotator/app/schedule/rotate_by_file.js next time will execute after 49943407ms at 2023-05-23 00:00:01.000
2023-05-22 10:08:17,679 INFO 28074 [egg-schedule]: register schedule /Users/lovewcc/Documents/Study/全栈-前后端导航项目/vue-webstack-server/node_modules/egg-multipart/app/schedule/clean_tmpdir.js
2023-05-22 10:08:17,679 INFO 28074 [egg-schedule]: register schedule /Users/lovewcc/Documents/Study/全栈-前后端导航项目/vue-webstack-server/node_modules/egg-logrotator/app/schedule/clean_log.js
2023-05-22 10:08:17,679 INFO 28074 [egg-schedule]: register schedule /Users/lovewcc/Documents/Study/全栈-前后端导航项目/vue-webstack-server/node_modules/egg-logrotator/app/schedule/rotate_by_file.js
2023-05-22 10:08:28,887 INFO 28101 [egg-schedule]: register schedule /Users/lovewcc/Documents/Study/全栈-前后端导航项目/vue-webstack-server/node_modules/egg-multipart/app/schedule/clean_tmpdir.js
2023-05-22 10:08:28,887 INFO 28101 [egg-schedule]: register schedule /Users/lovewcc/Documents/Study/全栈-前后端导航项目/vue-webstack-server/node_modules/egg-logrotator/app/schedule/clean_log.js
2023-05-22 10:08:28,887 INFO 28101 [egg-schedule]: register schedule /Users/lovewcc/Documents/Study/全栈-前后端导航项目/vue-webstack-server/node_modules/egg-logrotator/app/schedule/rotate_by_file.js
2023-05-22 10:08:30,556 INFO 28108 [egg-schedule]: register schedule /Users/lovewcc/Documents/Study/全栈-前后端导航项目/vue-webstack-server/node_modules/egg-multipart/app/schedule/clean_tmpdir.js
2023-05-22 10:08:30,557 INFO 28108 [egg-schedule]: register schedule /Users/lovewcc/Documents/Study/全栈-前后端导航项目/vue-webstack-server/node_modules/egg-logrotator/app/schedule/clean_log.js
2023-05-22 10:08:30,557 INFO 28108 [egg-schedule]: register schedule /Users/lovewcc/Documents/Study/全栈-前后端导航项目/vue-webstack-server/node_modules/egg-logrotator/app/schedule/rotate_by_file.js
2023-05-22 10:11:55,514 INFO 28299 [egg-schedule]: register schedule /Users/lovewcc/Documents/Study/全栈-前后端导航项目/vue-webstack-server/node_modules/egg-multipart/app/schedule/clean_tmpdir.js
2023-05-22 10:11:55,514 INFO 28299 [egg-schedule]: register schedule /Users/lovewcc/Documents/Study/全栈-前后端导航项目/vue-webstack-server/node_modules/egg-logrotator/app/schedule/clean_log.js
2023-05-22 10:11:55,514 INFO 28299 [egg-schedule]: register schedule /Users/lovewcc/Documents/Study/全栈-前后端导航项目/vue-webstack-server/node_modules/egg-logrotator/app/schedule/rotate_by_file.js
2023-05-22 10:12:01,878 INFO 28323 [egg-schedule]: register schedule /Users/lovewcc/Documents/Study/全栈-前后端导航项目/vue-webstack-server/node_modules/egg-multipart/app/schedule/clean_tmpdir.js
2023-05-22 10:12:01,878 INFO 28323 [egg-schedule]: register schedule /Users/lovewcc/Documents/Study/全栈-前后端导航项目/vue-webstack-server/node_modules/egg-logrotator/app/schedule/clean_log.js
2023-05-22 10:12:01,878 INFO 28323 [egg-schedule]: register schedule /Users/lovewcc/Documents/Study/全栈-前后端导航项目/vue-webstack-server/node_modules/egg-logrotator/app/schedule/rotate_by_file.js
2023-05-22 10:12:55,659 INFO 28376 [egg-schedule]: register schedule /Users/lovewcc/Documents/Study/全栈-前后端导航项目/vue-webstack-server/node_modules/egg-multipart/app/schedule/clean_tmpdir.js
2023-05-22 10:12:55,659 INFO 28376 [egg-schedule]: register schedule /Users/lovewcc/Documents/Study/全栈-前后端导航项目/vue-webstack-server/node_modules/egg-logrotator/app/schedule/clean_log.js
2023-05-22 10:12:55,659 INFO 28376 [egg-schedule]: register schedule /Users/lovewcc/Documents/Study/全栈-前后端导航项目/vue-webstack-server/node_modules/egg-logrotator/app/schedule/rotate_by_file.js
2023-05-22 10:13:00,006 INFO 28393 [egg-schedule]: register schedule /Users/lovewcc/Documents/Study/全栈-前后端导航项目/vue-webstack-server/node_modules/egg-multipart/app/schedule/clean_tmpdir.js
2023-05-22 10:13:00,006 INFO 28393 [egg-schedule]: register schedule /Users/lovewcc/Documents/Study/全栈-前后端导航项目/vue-webstack-server/node_modules/egg-logrotator/app/schedule/clean_log.js
2023-05-22 10:13:00,006 INFO 28393 [egg-schedule]: register schedule /Users/lovewcc/Documents/Study/全栈-前后端导航项目/vue-webstack-server/node_modules/egg-logrotator/app/schedule/rotate_by_file.js
2023-05-22 10:13:52,198 INFO 28479 [egg-schedule]: register schedule /Users/lovewcc/Documents/Study/全栈-前后端导航项目/vue-webstack-server/node_modules/egg-multipart/app/schedule/clean_tmpdir.js
2023-05-22 10:13:52,198 INFO 28479 [egg-schedule]: register schedule /Users/lovewcc/Documents/Study/全栈-前后端导航项目/vue-webstack-server/node_modules/egg-logrotator/app/schedule/clean_log.js
2023-05-22 10:13:52,198 INFO 28479 [egg-schedule]: register schedule /Users/lovewcc/Documents/Study/全栈-前后端导航项目/vue-webstack-server/node_modules/egg-logrotator/app/schedule/rotate_by_file.js
2023-05-22 10:14:53,912 INFO 28544 [egg-schedule]: register schedule /Users/lovewcc/Documents/Study/全栈-前后端导航项目/vue-webstack-server/node_modules/egg-multipart/app/schedule/clean_tmpdir.js
2023-05-22 10:14:53,912 INFO 28544 [egg-schedule]: register schedule /Users/lovewcc/Documents/Study/全栈-前后端导航项目/vue-webstack-server/node_modules/egg-logrotator/app/schedule/clean_log.js
2023-05-22 10:14:53,912 INFO 28544 [egg-schedule]: register schedule /Users/lovewcc/Documents/Study/全栈-前后端导航项目/vue-webstack-server/node_modules/egg-logrotator/app/schedule/rotate_by_file.js
2023-05-22 10:15:05,432 INFO 28563 [egg-schedule]: register schedule /Users/lovewcc/Documents/Study/全栈-前后端导航项目/vue-webstack-server/node_modules/egg-multipart/app/schedule/clean_tmpdir.js
2023-05-22 10:15:05,432 INFO 28563 [egg-schedule]: register schedule /Users/lovewcc/Documents/Study/全栈-前后端导航项目/vue-webstack-server/node_modules/egg-logrotator/app/schedule/clean_log.js
2023-05-22 10:15:05,433 INFO 28563 [egg-schedule]: register schedule /Users/lovewcc/Documents/Study/全栈-前后端导航项目/vue-webstack-server/node_modules/egg-logrotator/app/schedule/rotate_by_file.js
2023-05-22 10:15:41,766 INFO 28600 [egg-schedule]: register schedule /Users/lovewcc/Documents/Study/全栈-前后端导航项目/vue-webstack-server/node_modules/egg-multipart/app/schedule/clean_tmpdir.js
2023-05-22 10:15:41,766 INFO 28600 [egg-schedule]: register schedule /Users/lovewcc/Documents/Study/全栈-前后端导航项目/vue-webstack-server/node_modules/egg-logrotator/app/schedule/clean_log.js
2023-05-22 10:15:41,766 INFO 28600 [egg-schedule]: register schedule /Users/lovewcc/Documents/Study/全栈-前后端导航项目/vue-webstack-server/node_modules/egg-logrotator/app/schedule/rotate_by_file.js
2023-05-22 10:15:50,527 INFO 28615 [egg-schedule]: register schedule /Users/lovewcc/Documents/Study/全栈-前后端导航项目/vue-webstack-server/node_modules/egg-multipart/app/schedule/clean_tmpdir.js
2023-05-22 10:15:50,527 INFO 28615 [egg-schedule]: register schedule /Users/lovewcc/Documents/Study/全栈-前后端导航项目/vue-webstack-server/node_modules/egg-logrotator/app/schedule/clean_log.js
2023-05-22 10:15:50,527 INFO 28615 [egg-schedule]: register schedule /Users/lovewcc/Documents/Study/全栈-前后端导航项目/vue-webstack-server/node_modules/egg-logrotator/app/schedule/rotate_by_file.js
2023-05-22 10:16:01,117 INFO 28639 [egg-schedule]: register schedule /Users/lovewcc/Documents/Study/全栈-前后端导航项目/vue-webstack-server/node_modules/egg-multipart/app/schedule/clean_tmpdir.js
2023-05-22 10:16:01,117 INFO 28639 [egg-schedule]: register schedule /Users/lovewcc/Documents/Study/全栈-前后端导航项目/vue-webstack-server/node_modules/egg-logrotator/app/schedule/clean_log.js
2023-05-22 10:16:01,117 INFO 28639 [egg-schedule]: register schedule /Users/lovewcc/Documents/Study/全栈-前后端导航项目/vue-webstack-server/node_modules/egg-logrotator/app/schedule/rotate_by_file.js
2023-05-22 10:19:50,871 INFO 28911 [egg-schedule]: register schedule /Users/lovewcc/Documents/Study/全栈-前后端导航项目/vue-webstack-server/node_modules/egg-multipart/app/schedule/clean_tmpdir.js
2023-05-22 10:19:50,871 INFO 28911 [egg-schedule]: register schedule /Users/lovewcc/Documents/Study/全栈-前后端导航项目/vue-webstack-server/node_modules/egg-logrotator/app/schedule/clean_log.js
2023-05-22 10:19:50,871 INFO 28911 [egg-schedule]: register schedule /Users/lovewcc/Documents/Study/全栈-前后端导航项目/vue-webstack-server/node_modules/egg-logrotator/app/schedule/rotate_by_file.js
2023-05-22 10:19:52,803 INFO 28907 [Timer] /Users/lovewcc/Documents/Study/全栈-前后端导航项目/vue-webstack-server/node_modules/egg-multipart/app/schedule/clean_tmpdir.js next time will execute after 65407199ms at 2023-05-23 04:30:00.002
2023-05-22 10:19:52,803 INFO 28907 [Timer] /Users/lovewcc/Documents/Study/全栈-前后端导航项目/vue-webstack-server/node_modules/egg-logrotator/app/schedule/clean_log.js next time will execute after 49207197ms at 2023-05-23 00:00:00.000
2023-05-22 10:19:52,804 INFO 28907 [Timer] /Users/lovewcc/Documents/Study/全栈-前后端导航项目/vue-webstack-server/node_modules/egg-logrotator/app/schedule/rotate_by_file.js next time will execute after 49208197ms at 2023-05-23 00:00:01.001
2023-05-22 10:20:50,898 INFO 28973 [egg-schedule]: register schedule /Users/lovewcc/Documents/Study/全栈-前后端导航项目/vue-webstack-server/node_modules/egg-multipart/app/schedule/clean_tmpdir.js
2023-05-22 10:20:50,898 INFO 28973 [egg-schedule]: register schedule /Users/lovewcc/Documents/Study/全栈-前后端导航项目/vue-webstack-server/node_modules/egg-logrotator/app/schedule/clean_log.js
2023-05-22 10:20:50,898 INFO 28973 [egg-schedule]: register schedule /Users/lovewcc/Documents/Study/全栈-前后端导航项目/vue-webstack-server/node_modules/egg-logrotator/app/schedule/rotate_by_file.js
2023-05-22 10:21:01,548 INFO 29004 [egg-schedule]: register schedule /Users/lovewcc/Documents/Study/全栈-前后端导航项目/vue-webstack-server/node_modules/egg-multipart/app/schedule/clean_tmpdir.js
2023-05-22 10:21:01,548 INFO 29004 [egg-schedule]: register schedule /Users/lovewcc/Documents/Study/全栈-前后端导航项目/vue-webstack-server/node_modules/egg-logrotator/app/schedule/clean_log.js
2023-05-22 10:21:01,548 INFO 29004 [egg-schedule]: register schedule /Users/lovewcc/Documents/Study/全栈-前后端导航项目/vue-webstack-server/node_modules/egg-logrotator/app/schedule/rotate_by_file.js
2023-05-22 10:22:10,889 INFO 29084 [egg-schedule]: register schedule /Users/lovewcc/Documents/Study/全栈-前后端导航项目/vue-webstack-server/node_modules/egg-multipart/app/schedule/clean_tmpdir.js
2023-05-22 10:22:10,889 INFO 29084 [egg-schedule]: register schedule /Users/lovewcc/Documents/Study/全栈-前后端导航项目/vue-webstack-server/node_modules/egg-logrotator/app/schedule/clean_log.js
2023-05-22 10:22:10,889 INFO 29084 [egg-schedule]: register schedule /Users/lovewcc/Documents/Study/全栈-前后端导航项目/vue-webstack-server/node_modules/egg-logrotator/app/schedule/rotate_by_file.js
2023-05-22 10:22:30,688 INFO 29122 [egg-schedule]: register schedule /Users/lovewcc/Documents/Study/全栈-前后端导航项目/vue-webstack-server/node_modules/egg-multipart/app/schedule/clean_tmpdir.js
2023-05-22 10:22:30,688 INFO 29122 [egg-schedule]: register schedule /Users/lovewcc/Documents/Study/全栈-前后端导航项目/vue-webstack-server/node_modules/egg-logrotator/app/schedule/clean_log.js
2023-05-22 10:22:30,688 INFO 29122 [egg-schedule]: register schedule /Users/lovewcc/Documents/Study/全栈-前后端导航项目/vue-webstack-server/node_modules/egg-logrotator/app/schedule/rotate_by_file.js
2023-05-22 10:22:45,369 INFO 29144 [egg-schedule]: register schedule /Users/lovewcc/Documents/Study/全栈-前后端导航项目/vue-webstack-server/node_modules/egg-multipart/app/schedule/clean_tmpdir.js
2023-05-22 10:22:45,369 INFO 29144 [egg-schedule]: register schedule /Users/lovewcc/Documents/Study/全栈-前后端导航项目/vue-webstack-server/node_modules/egg-logrotator/app/schedule/clean_log.js
2023-05-22 10:22:45,369 INFO 29144 [egg-schedule]: register schedule /Users/lovewcc/Documents/Study/全栈-前后端导航项目/vue-webstack-server/node_modules/egg-logrotator/app/schedule/rotate_by_file.js
2023-05-22 10:28:04,983 INFO 29631 [egg-schedule]: register schedule /Users/lovewcc/Documents/Study/全栈-前后端导航项目/vue-webstack-server/node_modules/egg-multipart/app/schedule/clean_tmpdir.js
2023-05-22 10:28:04,983 INFO 29631 [egg-schedule]: register schedule /Users/lovewcc/Documents/Study/全栈-前后端导航项目/vue-webstack-server/node_modules/egg-logrotator/app/schedule/clean_log.js
2023-05-22 10:28:04,983 INFO 29631 [egg-schedule]: register schedule /Users/lovewcc/Documents/Study/全栈-前后端导航项目/vue-webstack-server/node_modules/egg-logrotator/app/schedule/rotate_by_file.js
2023-05-22 10:28:06,450 INFO 29624 [Timer] /Users/lovewcc/Documents/Study/全栈-前后端导航项目/vue-webstack-server/node_modules/egg-multipart/app/schedule/clean_tmpdir.js next time will execute after 64913551ms at 2023-05-23 04:30:00.001
2023-05-22 10:28:06,451 INFO 29624 [Timer] /Users/lovewcc/Documents/Study/全栈-前后端导航项目/vue-webstack-server/node_modules/egg-logrotator/app/schedule/clean_log.js next time will execute after 48713550ms at 2023-05-23 00:00:00.000
2023-05-22 10:28:06,451 INFO 29624 [Timer] /Users/lovewcc/Documents/Study/全栈-前后端导航项目/vue-webstack-server/node_modules/egg-logrotator/app/schedule/rotate_by_file.js next time will execute after 48714549ms at 2023-05-23 00:00:01.000
2023-05-22 10:31:36,599 INFO 29949 [egg-schedule]: register schedule /Users/lovewcc/Documents/Study/全栈-前后端导航项目/vue-webstack-server/node_modules/egg-multipart/app/schedule/clean_tmpdir.js
2023-05-22 10:31:36,599 INFO 29949 [egg-schedule]: register schedule /Users/lovewcc/Documents/Study/全栈-前后端导航项目/vue-webstack-server/node_modules/egg-logrotator/app/schedule/clean_log.js
2023-05-22 10:31:36,599 INFO 29949 [egg-schedule]: register schedule /Users/lovewcc/Documents/Study/全栈-前后端导航项目/vue-webstack-server/node_modules/egg-logrotator/app/schedule/rotate_by_file.js
2023-05-22 10:31:38,044 INFO 29945 [Timer] /Users/lovewcc/Documents/Study/全栈-前后端导航项目/vue-webstack-server/node_modules/egg-multipart/app/schedule/clean_tmpdir.js next time will execute after 64701958ms at 2023-05-23 04:30:00.002
2023-05-22 10:31:38,045 INFO 29945 [Timer] /Users/lovewcc/Documents/Study/全栈-前后端导航项目/vue-webstack-server/node_modules/egg-logrotator/app/schedule/clean_log.js next time will execute after 48501955ms at 2023-05-23 00:00:00.000
2023-05-22 10:31:38,045 INFO 29945 [Timer] /Users/lovewcc/Documents/Study/全栈-前后端导航项目/vue-webstack-server/node_modules/egg-logrotator/app/schedule/rotate_by_file.js next time will execute after 48502955ms at 2023-05-23 00:00:01.000
2023-05-22 10:31:49,106 INFO 29999 [egg-schedule]: register schedule /Users/lovewcc/Documents/Study/全栈-前后端导航项目/vue-webstack-server/node_modules/egg-multipart/app/schedule/clean_tmpdir.js
2023-05-22 10:31:49,106 INFO 29999 [egg-schedule]: register schedule /Users/lovewcc/Documents/Study/全栈-前后端导航项目/vue-webstack-server/node_modules/egg-logrotator/app/schedule/clean_log.js
2023-05-22 10:31:49,106 INFO 29999 [egg-schedule]: register schedule /Users/lovewcc/Documents/Study/全栈-前后端导航项目/vue-webstack-server/node_modules/egg-logrotator/app/schedule/rotate_by_file.js
2023-05-22 10:31:53,079 INFO 30011 [egg-schedule]: register schedule /Users/lovewcc/Documents/Study/全栈-前后端导航项目/vue-webstack-server/node_modules/egg-multipart/app/schedule/clean_tmpdir.js
2023-05-22 10:31:53,079 INFO 30011 [egg-schedule]: register schedule /Users/lovewcc/Documents/Study/全栈-前后端导航项目/vue-webstack-server/node_modules/egg-logrotator/app/schedule/clean_log.js
2023-05-22 10:31:53,079 INFO 30011 [egg-schedule]: register schedule /Users/lovewcc/Documents/Study/全栈-前后端导航项目/vue-webstack-server/node_modules/egg-logrotator/app/schedule/rotate_by_file.js
2023-05-22 10:33:08,389 INFO 30071 [egg-schedule]: register schedule /Users/lovewcc/Documents/Study/全栈-前后端导航项目/vue-webstack-server/node_modules/egg-multipart/app/schedule/clean_tmpdir.js
2023-05-22 10:33:08,390 INFO 30071 [egg-schedule]: register schedule /Users/lovewcc/Documents/Study/全栈-前后端导航项目/vue-webstack-server/node_modules/egg-logrotator/app/schedule/clean_log.js
2023-05-22 10:33:08,390 INFO 30071 [egg-schedule]: register schedule /Users/lovewcc/Documents/Study/全栈-前后端导航项目/vue-webstack-server/node_modules/egg-logrotator/app/schedule/rotate_by_file.js
2023-05-22 10:33:17,489 INFO 30090 [egg-schedule]: register schedule /Users/lovewcc/Documents/Study/全栈-前后端导航项目/vue-webstack-server/node_modules/egg-multipart/app/schedule/clean_tmpdir.js
2023-05-22 10:33:17,489 INFO 30090 [egg-schedule]: register schedule /Users/lovewcc/Documents/Study/全栈-前后端导航项目/vue-webstack-server/node_modules/egg-logrotator/app/schedule/clean_log.js
2023-05-22 10:33:17,489 INFO 30090 [egg-schedule]: register schedule /Users/lovewcc/Documents/Study/全栈-前后端导航项目/vue-webstack-server/node_modules/egg-logrotator/app/schedule/rotate_by_file.js
2023-05-22 10:33:22,540 INFO 30101 [egg-schedule]: register schedule /Users/lovewcc/Documents/Study/全栈-前后端导航项目/vue-webstack-server/node_modules/egg-multipart/app/schedule/clean_tmpdir.js
2023-05-22 10:33:22,540 INFO 30101 [egg-schedule]: register schedule /Users/lovewcc/Documents/Study/全栈-前后端导航项目/vue-webstack-server/node_modules/egg-logrotator/app/schedule/clean_log.js
2023-05-22 10:33:22,540 INFO 30101 [egg-schedule]: register schedule /Users/lovewcc/Documents/Study/全栈-前后端导航项目/vue-webstack-server/node_modules/egg-logrotator/app/schedule/rotate_by_file.js
2023-05-22 10:33:41,524 INFO 30127 [egg-schedule]: register schedule /Users/lovewcc/Documents/Study/全栈-前后端导航项目/vue-webstack-server/node_modules/egg-multipart/app/schedule/clean_tmpdir.js
2023-05-22 10:33:41,524 INFO 30127 [egg-schedule]: register schedule /Users/lovewcc/Documents/Study/全栈-前后端导航项目/vue-webstack-server/node_modules/egg-logrotator/app/schedule/clean_log.js
2023-05-22 10:33:41,524 INFO 30127 [egg-schedule]: register schedule /Users/lovewcc/Documents/Study/全栈-前后端导航项目/vue-webstack-server/node_modules/egg-logrotator/app/schedule/rotate_by_file.js
2023-05-22 10:34:04,964 INFO 30153 [egg-schedule]: register schedule /Users/lovewcc/Documents/Study/全栈-前后端导航项目/vue-webstack-server/node_modules/egg-multipart/app/schedule/clean_tmpdir.js
2023-05-22 10:34:04,964 INFO 30153 [egg-schedule]: register schedule /Users/lovewcc/Documents/Study/全栈-前后端导航项目/vue-webstack-server/node_modules/egg-logrotator/app/schedule/clean_log.js
2023-05-22 10:34:04,964 INFO 30153 [egg-schedule]: register schedule /Users/lovewcc/Documents/Study/全栈-前后端导航项目/vue-webstack-server/node_modules/egg-logrotator/app/schedule/rotate_by_file.js
2023-05-22 10:36:13,782 INFO 30323 [egg-schedule]: register schedule /Users/lovewcc/Documents/Study/全栈-前后端导航项目/vue-webstack-server/node_modules/egg-multipart/app/schedule/clean_tmpdir.js
2023-05-22 10:36:13,782 INFO 30323 [egg-schedule]: register schedule /Users/lovewcc/Documents/Study/全栈-前后端导航项目/vue-webstack-server/node_modules/egg-logrotator/app/schedule/clean_log.js
2023-05-22 10:36:13,782 INFO 30323 [egg-schedule]: register schedule /Users/lovewcc/Documents/Study/全栈-前后端导航项目/vue-webstack-server/node_modules/egg-logrotator/app/schedule/rotate_by_file.js
