2023-05-21 19:20:45,841 INFO 68110 [egg:logger] init all loggers with options: {"dir":"/Users/lovewcc/Documents/Study/前后端-导航项目/webstack-server/logs/egg-demo","encoding":"utf8","env":"local","level":"INFO","consoleLevel":"INFO","disableConsoleAfterReady":false,"outputJSON":false,"buffer":true,"appLogName":"egg-demo-web.log","coreLogName":"egg-web.log","agentLogName":"egg-agent.log","errorLogName":"common-error.log","coreLogger":{"consoleLevel":"WARN"},"allowDebugAtProd":false,"enablePerformanceTimer":false,"enableFastContextLogger":false,"type":"application","localStorage":{"enabled":false}}
2023-05-21 19:20:45,841 INFO 68110 [egg-multipart] stream mode enable
2023-05-21 19:20:46,050 INFO 68110 [egg-mongoose] connecting mongodb://43.134.241.119:8082/webgps
2023-05-21 19:20:46,108 INFO 68110 [egg-static] starting static serve /public/ -> /Users/lovewcc/Documents/Study/前后端-导航项目/webstack-server/app/public
2023-05-21 19:20:46,108 INFO 68110 [egg-security] use methodnoallow middleware
2023-05-21 19:20:46,109 INFO 68110 [egg-security] use noopen middleware
2023-05-21 19:20:46,110 INFO 68110 [egg-security] use nosniff middleware
2023-05-21 19:20:46,110 INFO 68110 [egg-security] use xssProtection middleware
2023-05-21 19:20:46,110 INFO 68110 [egg-security] use xframe middleware
2023-05-21 19:20:46,110 INFO 68110 [egg-security] use dta middleware
2023-05-21 19:20:46,110 INFO 68110 [egg-security] compose 6 middlewares into one security middleware
2023-05-21 19:20:46,116 INFO 68110 [egg:core] dump config after load, 2ms
2023-05-21 19:20:46,117 INFO 68110 [egg-mongoose] starting...
2023-05-21 19:20:46,154 INFO 68110 [egg-watcher:application] watcher start success
2023-05-21 19:20:48,034 INFO 68110 [egg-mongoose] mongodb://43.134.241.119:8082/webgps connected successfully
2023-05-21 19:20:48,046 INFO 68110 [egg-mongoose] instance[0] start successfully
2023-05-21 19:20:48,055 INFO 68110 egg start timeline:
▇▇▇▇▇ [262ms] - #0 Process Start
     ▇▇▇▇▇▇▇▇▇▇▇▇▇▇▇▇▇▇▇▇▇▇▇▇▇▇▇▇▇▇▇▇▇▇▇▇▇▇▇▇▇▇▇▇ [2259ms] - #1 Application Start
     ▇ [3ms] - #2 Load Plugin
     ▇ [6ms] - #3 Load Config
     ▇ [0ms] - #4 Require(0) config/config.default.js
     ▇ [0ms] - #5 Require(1) node_modules/egg-session/config/config.default.js
     ▇ [1ms] - #6 Require(2) node_modules/egg-security/config/config.default.js
     ▇ [0ms] - #7 Require(3) node_modules/egg-jsonp/config/config.default.js
     ▇ [1ms] - #8 Require(4) node_modules/egg-onerror/config/config.default.js
     ▇ [0ms] - #9 Require(5) node_modules/egg-i18n/config/config.default.js
     ▇ [0ms] - #10 Require(6) node_modules/egg-watcher/config/config.default.js
     ▇ [0ms] - #11 Require(7) node_modules/egg-schedule/config/config.default.js
     ▇ [1ms] - #12 Require(8) node_modules/egg-multipart/config/config.default.js
     ▇ [0ms] - #13 Require(9) node_modules/egg-development/config/config.default.js
     ▇ [0ms] - #14 Require(10) node_modules/egg-logrotator/config/config.default.js
     ▇ [0ms] - #15 Require(11) node_modules/egg-static/config/config.default.js
     ▇ [0ms] - #16 Require(12) node_modules/egg-view/config/config.default.js
     ▇ [0ms] - #17 Require(13) node_modules/egg-cors/config/config.default.js
     ▇ [1ms] - #18 Require(14) node_modules/egg-mongoose/config/config.default.js
     ▇ [0ms] - #19 Require(15) node_modules/egg/config/config.default.js
     ▇ [0ms] - #20 Require(16) config/config.default.js
     ▇ [0ms] - #21 Require(17) node_modules/egg-security/config/config.local.js
     ▇ [0ms] - #22 Require(18) node_modules/egg-watcher/config/config.local.js
     ▇ [0ms] - #23 Require(19) node_modules/egg-view/config/config.local.js
     ▇ [0ms] - #24 Require(20) node_modules/egg/config/config.local.js
     ▇ [5ms] - #25 Load extend/application.js
     ▇ [1ms] - #26 Require(21) node_modules/egg-session/app/extend/application.js
     ▇ [0ms] - #27 Require(22) node_modules/egg-security/app/extend/application.js
     ▇ [1ms] - #28 Require(23) node_modules/egg-jsonp/app/extend/application.js
     ▇ [1ms] - #29 Require(24) node_modules/egg-schedule/app/extend/application.js
     ▇ [0ms] - #30 Require(25) node_modules/egg-logrotator/app/extend/application.js
     ▇ [0ms] - #31 Require(26) node_modules/egg-view/app/extend/application.js
     ▇ [0ms] - #32 Require(27) app/extend/application.js
     ▇ [2ms] - #33 Load extend/request.js
     ▇ [0ms] - #34 Require(28) node_modules/egg/app/extend/request.js
     ▇ [3ms] - #35 Load extend/response.js
     ▇ [1ms] - #36 Require(29) node_modules/egg/app/extend/response.js
     ▇ [5ms] - #37 Load extend/context.js
     ▇ [1ms] - #38 Require(30) node_modules/egg-security/app/extend/context.js
     ▇ [0ms] - #39 Require(31) node_modules/egg-jsonp/app/extend/context.js
     ▇ [0ms] - #40 Require(32) node_modules/egg-i18n/app/extend/context.js
     ▇ [1ms] - #41 Require(33) node_modules/egg-multipart/app/extend/context.js
     ▇ [1ms] - #42 Require(34) node_modules/egg-view/app/extend/context.js
     ▇ [0ms] - #43 Require(35) node_modules/egg-mongoose/app/extend/context.js
     ▇ [0ms] - #44 Require(36) node_modules/egg/app/extend/context.js
     ▇ [0ms] - #45 Require(37) app/extend/context.js
     ▇ [7ms] - #46 Load extend/helper.js
     ▇ [6ms] - #47 Require(38) node_modules/egg-security/app/extend/helper.js
     ▇ [0ms] - #48 Require(39) node_modules/egg/app/extend/helper.js
     ▇ [15ms] - #49 Load app.js
     ▇ [0ms] - #50 Require(40) node_modules/egg-session/app.js
     ▇ [0ms] - #51 Require(41) node_modules/egg-security/app.js
     ▇ [4ms] - #52 Require(42) node_modules/egg-onerror/app.js
      ▇ [7ms] - #53 Require(43) node_modules/egg-i18n/app.js
      ▇ [1ms] - #54 Require(44) node_modules/egg-watcher/app.js
      ▇ [0ms] - #55 Require(45) node_modules/egg-schedule/app.js
      ▇ [1ms] - #56 Require(46) node_modules/egg-multipart/app.js
      ▇ [0ms] - #57 Require(47) node_modules/egg-development/app.js
      ▇ [0ms] - #58 Require(48) node_modules/egg-logrotator/app.js
      ▇ [1ms] - #59 Require(49) node_modules/egg-static/app.js
      ▇ [0ms] - #60 Require(50) node_modules/egg-cors/app.js
      ▇ [0ms] - #61 Require(51) node_modules/egg-mongoose/app.js
      ▇ [0ms] - #62 Require(52) app.js
      ▇▇▇▇▇▇ [311ms] - #63 Before Start in node_modules/egg-watcher/lib/init.js:15:14
          ▇▇▇▇▇▇▇▇▇▇▇▇▇▇▇▇▇▇▇▇▇▇▇▇▇▇▇▇▇▇▇▇▇▇▇▇▇▇▇ [1992ms] - #64 Before Start in node_modules/egg-mongoose/lib/mongoose.js:104:7
          ▇ [91ms] - #65 Before Start in node_modules/egg-mongoose/lib/mongoose.js:52:9
          ▇ [2ms] - #66 Load Service
          ▇ [2ms] - #67 Load "service" to Context
          ▇ [54ms] - #68 Load Middleware
          ▇ [51ms] - #69 Load "middlewares" to Application
           ▇ [2ms] - #70 Load Controller
           ▇ [2ms] - #71 Load "controller" to Application
           ▇ [2ms] - #72 Load Router
           ▇ [0ms] - #73 Require(53) app/router.js
           ▇ [32ms] - #74 Before Start in node_modules/egg-core/lib/egg.js:304:10
           ▇ [27ms] - #75 Load "model" to Application
2023-05-21 19:20:48,055 INFO 68110 [egg:core] dump config after ready, 7ms
